C51 COMPILER V9.54   UART                                                                  05/13/2023 16:24:02 PAGE 1   


C51 COMPILER V9.54, COMPILATION OF MODULE UART
OBJECT MODULE PLACED IN .\Objects\UART.obj
COMPILER INVOKED BY: D:\keil-v5\C51\BIN\C51.EXE UART.c OPTIMIZE(8,SPEED) BROWSE DEBUG OBJECTEXTEND PRINT(.\Listings\UART
                    -.lst) TABS(2) OBJECT(.\Objects\UART.obj)

line level    source

   1          #include <REGX52.H>
   2          
   3          /**
   4            * @brief  串口初始化，4800bps@12.000MHz
   5            * @param  无
   6            * @retval 无
   7            */
   8          void UART_Init()
   9          {
  10   1        SCON=0x50;//0101 0000
  11   1        PCON |= 0x80;
  12   1        TMOD &= 0x0F;   //设置定时器模式
  13   1        TMOD |= 0x20;   //设置定时器模式
  14   1        //TL1 = 0xF3;   //设定定时初值
  15   1      //  TH1 = 0xF3;   //设定定时器重装值
  16   1        TL1 = 0xF4;   //设定定时初值
  17   1        TH1 = 0xF4;   //设定定时器重装值
  18   1        ET1 = 0;    //禁止定时器1中断
  19   1        TR1 = 1;    //启动定时器1
  20   1        EA=1;
  21   1        ES=1;
  22   1      }
  23          
  24          /**
  25            * @brief  串口发送一个字节数据
  26            * @param  Byte 要发送的一个字节数据
  27            * @retval 无
  28            */
  29          void UART_SendByte(unsigned char Byte)
  30          {
  31   1        SBUF=Byte;
  32   1        while(TI==0);
  33   1        TI=0;
  34   1      }
  35          
  36          /*串口中断函数模板
  37          void UART_Routine() interrupt 4
  38          {
  39            if(RI==1)
  40            {
  41              
  42              RI=0;
  43            }
  44          }
  45          */


MODULE INFORMATION:   STATIC OVERLAYABLE
   CODE SIZE        =     35    ----
   CONSTANT SIZE    =   ----    ----
   XDATA SIZE       =   ----    ----
   PDATA SIZE       =   ----    ----
   DATA SIZE        =   ----    ----
   IDATA SIZE       =   ----    ----
C51 COMPILER V9.54   UART                                                                  05/13/2023 16:24:02 PAGE 2   

   BIT SIZE         =   ----    ----
END OF MODULE INFORMATION.


C51 COMPILATION COMPLETE.  0 WARNING(S),  0 ERROR(S)
